<?xml version="1.0" encoding="UTF-8"?>
<testsuite name="com.melodymoselle.ws.SpringWsApplicationTests" time="2.566" tests="1" errors="1" skipped="0" failures="0">
  <properties>
[...]
</properties>
  <testcase name="testSayHello" classname="com.melodymoselle.ws.SpringWsApplicationTests" time="2.566">
    <error message="I/O error: Connection refused: connect; nested exception is java.net.ConnectException: Connection refused: connect" type="org.springframework.ws.client.WebServiceIOException"><![CDATA[org.springframework.ws.client.WebServiceIOException: I/O error: Connection refused: connect; nested exception is java.net.ConnectException: Connection refused: connect
	at java.net.DualStackPlainSocketImpl.connect0(Native Method)
	at java.net.DualStackPlainSocketImpl.socketConnect(DualStackPlainSocketImpl.java:79)
	at java.net.AbstractPlainSocketImpl.doConnect(AbstractPlainSocketImpl.java:350)
	at java.net.AbstractPlainSocketImpl.connectToAddress(AbstractPlainSocketImpl.java:206)
	at java.net.AbstractPlainSocketImpl.connect(AbstractPlainSocketImpl.java:188)
	at java.net.PlainSocketImpl.connect(PlainSocketImpl.java:172)
	at java.net.SocksSocketImpl.connect(SocksSocketImpl.java:392)
	at java.net.Socket.connect(Socket.java:589)
	at java.net.Socket.connect(Socket.java:538)
	at sun.net.NetworkClient.doConnect(NetworkClient.java:180)
	at sun.net.www.http.HttpClient.openServer(HttpClient.java:463)
	at sun.net.www.http.HttpClient.openServer(HttpClient.java:558)
	at sun.net.www.http.HttpClient.<init>(HttpClient.java:242)
	at sun.net.www.http.HttpClient.New(HttpClient.java:339)
	at sun.net.www.http.HttpClient.New(HttpClient.java:357)
	at sun.net.www.protocol.http.HttpURLConnection.getNewHttpClient(HttpURLConnection.java:1202)
	at sun.net.www.protocol.http.HttpURLConnection.plainConnect0(HttpURLConnection.java:1138)
	at sun.net.www.protocol.http.HttpURLConnection.plainConnect(HttpURLConnection.java:1032)
	at sun.net.www.protocol.http.HttpURLConnection.connect(HttpURLConnection.java:966)
	at sun.net.www.protocol.http.HttpURLConnection.getOutputStream0(HttpURLConnection.java:1316)
	at sun.net.www.protocol.http.HttpURLConnection.getOutputStream(HttpURLConnection.java:1291)
	at org.springframework.ws.transport.http.HttpUrlConnection.getRequestOutputStream(HttpUrlConnection.java:89)
	at org.springframework.ws.transport.AbstractSenderConnection$RequestTransportOutputStream.createOutputStream(AbstractSenderConnection.java:87)
	at org.springframework.ws.transport.TransportOutputStream.getOutputStream(TransportOutputStream.java:41)
	at org.springframework.ws.transport.TransportOutputStream.write(TransportOutputStream.java:64)
	at com.sun.xml.internal.messaging.saaj.soap.MessageImpl.writeTo(MessageImpl.java:1314)
	at org.springframework.ws.soap.saaj.SaajSoapMessage.writeTo(SaajSoapMessage.java:275)
	at org.springframework.ws.transport.AbstractWebServiceConnection.send(AbstractWebServiceConnection.java:46)
	at org.springframework.ws.client.core.WebServiceTemplate.sendRequest(WebServiceTemplate.java:658)
	at org.springframework.ws.client.core.WebServiceTemplate.doSendAndReceive(WebServiceTemplate.java:606)
	at org.springframework.ws.client.core.WebServiceTemplate.sendAndReceive(WebServiceTemplate.java:555)
	at org.springframework.ws.client.core.WebServiceTemplate.marshalSendAndReceive(WebServiceTemplate.java:390)
	at org.springframework.ws.client.core.WebServiceTemplate.marshalSendAndReceive(WebServiceTemplate.java:383)
	at org.springframework.ws.client.core.WebServiceTemplate.marshalSendAndReceive(WebServiceTemplate.java:373)
	at com.melodymoselle.ws.client.HelloWorldClient.sayHello(HelloWorldClient.java:29)
	at com.melodymoselle.ws.SpringWsApplicationTests.testSayHello(SpringWsApplicationTests.java:22)
]]></error>
    <system-out><![CDATA[10:42:26.374 [main] DEBUG org.springframework.test.context.junit4.SpringJUnit4ClassRunner - SpringJUnit4ClassRunner constructor called with [class com.melodymoselle.ws.SpringWsApplicationTests]
10:42:26.381 [main] DEBUG org.springframework.test.context.BootstrapUtils - Instantiating CacheAwareContextLoaderDelegate from class [org.springframework.test.context.cache.DefaultCacheAwareContextLoaderDelegate]
10:42:26.471 [main] DEBUG org.springframework.test.context.BootstrapUtils - Instantiating BootstrapContext using constructor [public org.springframework.test.context.support.DefaultBootstrapContext(java.lang.Class,org.springframework.test.context.CacheAwareContextLoaderDelegate)]
10:42:26.520 [main] DEBUG org.springframework.test.context.BootstrapUtils - Instantiating TestContextBootstrapper for test class [com.melodymoselle.ws.SpringWsApplicationTests] from class [org.springframework.boot.test.context.SpringBootTestContextBootstrapper]
10:42:26.592 [main] INFO org.springframework.boot.test.context.SpringBootTestContextBootstrapper - Neither @ContextConfiguration nor @ContextHierarchy found for test class [com.melodymoselle.ws.SpringWsApplicationTests], using SpringBootContextLoader
10:42:26.626 [main] DEBUG org.springframework.test.context.support.AbstractContextLoader - Did not detect default resource location for test class [com.melodymoselle.ws.SpringWsApplicationTests]: class path resource [com/melodymoselle/ws/SpringWsApplicationTests-context.xml] does not exist
10:42:26.627 [main] DEBUG org.springframework.test.context.support.AbstractContextLoader - Did not detect default resource location for test class [com.melodymoselle.ws.SpringWsApplicationTests]: class path resource [com/melodymoselle/ws/SpringWsApplicationTestsContext.groovy] does not exist
10:42:26.627 [main] INFO org.springframework.test.context.support.AbstractContextLoader - Could not detect default resource locations for test class [com.melodymoselle.ws.SpringWsApplicationTests]: no resource found for suffixes {-context.xml, Context.groovy}.
10:42:26.629 [main] INFO org.springframework.test.context.support.AnnotationConfigContextLoaderUtils - Could not detect default configuration classes for test class [com.melodymoselle.ws.SpringWsApplicationTests]: SpringWsApplicationTests does not declare any static, non-private, non-final, nested classes annotated with @Configuration.
10:42:26.920 [main] DEBUG org.springframework.test.context.support.ActiveProfilesUtils - Could not find an 'annotation declaring class' for annotation type [org.springframework.test.context.ActiveProfiles] and class [com.melodymoselle.ws.SpringWsApplicationTests]
10:42:26.978 [main] DEBUG org.springframework.core.env.StandardEnvironment - Adding [systemProperties] PropertySource with lowest search precedence
10:42:26.979 [main] DEBUG org.springframework.core.env.StandardEnvironment - Adding [systemEnvironment] PropertySource with lowest search precedence
10:42:26.979 [main] DEBUG org.springframework.core.env.StandardEnvironment - Initialized StandardEnvironment with PropertySources [systemProperties,systemEnvironment]
10:42:27.040 [main] DEBUG org.springframework.core.io.support.PathMatchingResourcePatternResolver - Resolved classpath location [com/melodymoselle/ws/] to resources [URL [file:/C:/projects/other/spring_soap_tutorial/target/test-classes/com/melodymoselle/ws/]]
10:42:27.040 [main] DEBUG org.springframework.core.io.support.PathMatchingResourcePatternResolver - Looking for matching resources in directory tree [C:\projects\other\spring_soap_tutorial\target\test-classes\com\melodymoselle\ws]
10:42:27.041 [main] DEBUG org.springframework.core.io.support.PathMatchingResourcePatternResolver - Searching directory [C:\projects\other\spring_soap_tutorial\target\test-classes\com\melodymoselle\ws] for files matching pattern [C:/projects/other/spring_soap_tutorial/target/test-classes/com/melodymoselle/ws/*.class]
10:42:27.047 [main] DEBUG org.springframework.core.io.support.PathMatchingResourcePatternResolver - Resolved location pattern [classpath*:com/melodymoselle/ws/*.class] to resources [file [C:\projects\other\spring_soap_tutorial\target\test-classes\com\melodymoselle\ws\SpringWsApplication.class], file [C:\projects\other\spring_soap_tutorial\target\test-classes\com\melodymoselle\ws\SpringWsApplicationTests.class]]
10:42:27.281 [main] DEBUG org.springframework.context.annotation.ClassPathScanningCandidateComponentProvider - Identified candidate component class: file [C:\projects\other\spring_soap_tutorial\target\test-classes\com\melodymoselle\ws\SpringWsApplication.class]
10:42:27.284 [main] INFO org.springframework.boot.test.context.SpringBootTestContextBootstrapper - Found @SpringBootConfiguration com.melodymoselle.ws.SpringWsApplication for test class com.melodymoselle.ws.SpringWsApplicationTests
10:42:27.287 [main] DEBUG org.springframework.boot.test.context.SpringBootTestContextBootstrapper - @TestExecutionListeners is not present for class [com.melodymoselle.ws.SpringWsApplicationTests]: using defaults.
10:42:27.290 [main] INFO org.springframework.boot.test.context.SpringBootTestContextBootstrapper - Loaded default TestExecutionListener class names from location [META-INF/spring.factories]: [org.springframework.boot.test.mock.mockito.MockitoTestExecutionListener, org.springframework.boot.test.mock.mockito.ResetMocksTestExecutionListener, org.springframework.boot.test.autoconfigure.restdocs.RestDocsTestExecutionListener, org.springframework.boot.test.autoconfigure.web.client.MockRestServiceServerResetTestExecutionListener, org.springframework.boot.test.autoconfigure.web.servlet.MockMvcPrintOnlyOnFailureTestExecutionListener, org.springframework.boot.test.autoconfigure.web.servlet.WebDriverTestExecutionListener, org.springframework.test.context.web.ServletTestExecutionListener, org.springframework.test.context.support.DirtiesContextBeforeModesTestExecutionListener, org.springframework.test.context.support.DependencyInjectionTestExecutionListener, org.springframework.test.context.support.DirtiesContextTestExecutionListener, org.springframework.test.context.transaction.TransactionalTestExecutionListener, org.springframework.test.context.jdbc.SqlScriptsTestExecutionListener]
10:42:27.367 [main] INFO org.springframework.boot.test.context.SpringBootTestContextBootstrapper - Could not instantiate TestExecutionListener [org.springframework.test.context.transaction.TransactionalTestExecutionListener]. Specify custom listener classes or make the default listener classes (and their required dependencies) available. Offending class: [org/springframework/transaction/interceptor/TransactionAttributeSource]
10:42:27.398 [main] INFO org.springframework.boot.test.context.SpringBootTestContextBootstrapper - Could not instantiate TestExecutionListener [org.springframework.test.context.jdbc.SqlScriptsTestExecutionListener]. Specify custom listener classes or make the default listener classes (and their required dependencies) available. Offending class: [org/springframework/transaction/interceptor/TransactionAttribute]
10:42:27.400 [main] INFO org.springframework.boot.test.context.SpringBootTestContextBootstrapper - Using TestExecutionListeners: [org.springframework.test.context.web.ServletTestExecutionListener@768b970c, org.springframework.test.context.support.DirtiesContextBeforeModesTestExecutionListener@5a4041cc, org.springframework.boot.test.autoconfigure.SpringBootDependencyInjectionTestExecutionListener@15b3e5b, org.springframework.test.context.support.DirtiesContextTestExecutionListener@61ca2dfa, org.springframework.boot.test.autoconfigure.web.servlet.MockMvcPrintOnlyOnFailureTestExecutionListener@4b53f538, org.springframework.boot.test.autoconfigure.web.client.MockRestServiceServerResetTestExecutionListener@134593bf, org.springframework.boot.test.mock.mockito.MockitoTestExecutionListener@4bb4de6a, org.springframework.boot.test.autoconfigure.web.servlet.WebDriverTestExecutionListener@7ba18f1b, org.springframework.boot.test.mock.mockito.ResetMocksTestExecutionListener@2f8f5f62, org.springframework.boot.test.autoconfigure.restdocs.RestDocsTestExecutionListener@1068e947]
10:42:27.404 [main] DEBUG org.springframework.test.annotation.ProfileValueUtils - Retrieved @ProfileValueSourceConfiguration [null] for test class [com.melodymoselle.ws.SpringWsApplicationTests]
10:42:27.405 [main] DEBUG org.springframework.test.annotation.ProfileValueUtils - Retrieved ProfileValueSource type [class org.springframework.test.annotation.SystemProfileValueSource] for class [com.melodymoselle.ws.SpringWsApplicationTests]
10:42:27.421 [main] DEBUG org.springframework.test.context.junit4.SpringJUnit4ClassRunner - SpringJUnit4ClassRunner constructor called with [class com.melodymoselle.ws.SpringWsApplicationTests]
10:42:27.421 [main] DEBUG org.springframework.test.context.BootstrapUtils - Instantiating CacheAwareContextLoaderDelegate from class [org.springframework.test.context.cache.DefaultCacheAwareContextLoaderDelegate]
10:42:27.422 [main] DEBUG org.springframework.test.context.BootstrapUtils - Instantiating BootstrapContext using constructor [public org.springframework.test.context.support.DefaultBootstrapContext(java.lang.Class,org.springframework.test.context.CacheAwareContextLoaderDelegate)]
10:42:27.422 [main] DEBUG org.springframework.test.context.BootstrapUtils - Instantiating TestContextBootstrapper for test class [com.melodymoselle.ws.SpringWsApplicationTests] from class [org.springframework.boot.test.context.SpringBootTestContextBootstrapper]
10:42:27.423 [main] INFO org.springframework.boot.test.context.SpringBootTestContextBootstrapper - Neither @ContextConfiguration nor @ContextHierarchy found for test class [com.melodymoselle.ws.SpringWsApplicationTests], using SpringBootContextLoader
10:42:27.424 [main] DEBUG org.springframework.test.context.support.AbstractContextLoader - Did not detect default resource location for test class [com.melodymoselle.ws.SpringWsApplicationTests]: class path resource [com/melodymoselle/ws/SpringWsApplicationTests-context.xml] does not exist
10:42:27.425 [main] DEBUG org.springframework.test.context.support.AbstractContextLoader - Did not detect default resource location for test class [com.melodymoselle.ws.SpringWsApplicationTests]: class path resource [com/melodymoselle/ws/SpringWsApplicationTestsContext.groovy] does not exist
10:42:27.425 [main] INFO org.springframework.test.context.support.AbstractContextLoader - Could not detect default resource locations for test class [com.melodymoselle.ws.SpringWsApplicationTests]: no resource found for suffixes {-context.xml, Context.groovy}.
10:42:27.425 [main] INFO org.springframework.test.context.support.AnnotationConfigContextLoaderUtils - Could not detect default configuration classes for test class [com.melodymoselle.ws.SpringWsApplicationTests]: SpringWsApplicationTests does not declare any static, non-private, non-final, nested classes annotated with @Configuration.
10:42:27.433 [main] DEBUG org.springframework.test.context.support.ActiveProfilesUtils - Could not find an 'annotation declaring class' for annotation type [org.springframework.test.context.ActiveProfiles] and class [com.melodymoselle.ws.SpringWsApplicationTests]
10:42:27.433 [main] DEBUG org.springframework.core.env.StandardEnvironment - Adding [systemProperties] PropertySource with lowest search precedence
10:42:27.433 [main] DEBUG org.springframework.core.env.StandardEnvironment - Adding [systemEnvironment] PropertySource with lowest search precedence
10:42:27.434 [main] DEBUG org.springframework.core.env.StandardEnvironment - Initialized StandardEnvironment with PropertySources [systemProperties,systemEnvironment]
10:42:27.434 [main] INFO org.springframework.boot.test.context.SpringBootTestContextBootstrapper - Found @SpringBootConfiguration com.melodymoselle.ws.SpringWsApplication for test class com.melodymoselle.ws.SpringWsApplicationTests
10:42:27.438 [main] DEBUG org.springframework.boot.test.context.SpringBootTestContextBootstrapper - @TestExecutionListeners is not present for class [com.melodymoselle.ws.SpringWsApplicationTests]: using defaults.
10:42:27.442 [main] INFO org.springframework.boot.test.context.SpringBootTestContextBootstrapper - Loaded default TestExecutionListener class names from location [META-INF/spring.factories]: [org.springframework.boot.test.mock.mockito.MockitoTestExecutionListener, org.springframework.boot.test.mock.mockito.ResetMocksTestExecutionListener, org.springframework.boot.test.autoconfigure.restdocs.RestDocsTestExecutionListener, org.springframework.boot.test.autoconfigure.web.client.MockRestServiceServerResetTestExecutionListener, org.springframework.boot.test.autoconfigure.web.servlet.MockMvcPrintOnlyOnFailureTestExecutionListener, org.springframework.boot.test.autoconfigure.web.servlet.WebDriverTestExecutionListener, org.springframework.test.context.web.ServletTestExecutionListener, org.springframework.test.context.support.DirtiesContextBeforeModesTestExecutionListener, org.springframework.test.context.support.DependencyInjectionTestExecutionListener, org.springframework.test.context.support.DirtiesContextTestExecutionListener, org.springframework.test.context.transaction.TransactionalTestExecutionListener, org.springframework.test.context.jdbc.SqlScriptsTestExecutionListener]
10:42:27.446 [main] INFO org.springframework.boot.test.context.SpringBootTestContextBootstrapper - Could not instantiate TestExecutionListener [org.springframework.test.context.transaction.TransactionalTestExecutionListener]. Specify custom listener classes or make the default listener classes (and their required dependencies) available. Offending class: [org/springframework/transaction/interceptor/TransactionAttributeSource]
10:42:27.447 [main] INFO org.springframework.boot.test.context.SpringBootTestContextBootstrapper - Could not instantiate TestExecutionListener [org.springframework.test.context.jdbc.SqlScriptsTestExecutionListener]. Specify custom listener classes or make the default listener classes (and their required dependencies) available. Offending class: [org/springframework/transaction/interceptor/TransactionAttribute]
10:42:27.448 [main] INFO org.springframework.boot.test.context.SpringBootTestContextBootstrapper - Using TestExecutionListeners: [org.springframework.test.context.web.ServletTestExecutionListener@d6da883, org.springframework.test.context.support.DirtiesContextBeforeModesTestExecutionListener@45afc369, org.springframework.boot.test.autoconfigure.SpringBootDependencyInjectionTestExecutionListener@799d4f69, org.springframework.test.context.support.DirtiesContextTestExecutionListener@49c43f4e, org.springframework.boot.test.autoconfigure.web.servlet.MockMvcPrintOnlyOnFailureTestExecutionListener@290dbf45, org.springframework.boot.test.autoconfigure.web.client.MockRestServiceServerResetTestExecutionListener@12028586, org.springframework.boot.test.mock.mockito.MockitoTestExecutionListener@17776a8, org.springframework.boot.test.autoconfigure.web.servlet.WebDriverTestExecutionListener@69a10787, org.springframework.boot.test.mock.mockito.ResetMocksTestExecutionListener@2d127a61, org.springframework.boot.test.autoconfigure.restdocs.RestDocsTestExecutionListener@2bbaf4f0]
10:42:27.449 [main] DEBUG org.springframework.test.annotation.ProfileValueUtils - Retrieved @ProfileValueSourceConfiguration [null] for test class [com.melodymoselle.ws.SpringWsApplicationTests]
10:42:27.449 [main] DEBUG org.springframework.test.annotation.ProfileValueUtils - Retrieved ProfileValueSource type [class org.springframework.test.annotation.SystemProfileValueSource] for class [com.melodymoselle.ws.SpringWsApplicationTests]
10:42:27.469 [main] DEBUG org.springframework.test.annotation.ProfileValueUtils - Retrieved @ProfileValueSourceConfiguration [null] for test class [com.melodymoselle.ws.SpringWsApplicationTests]
10:42:27.469 [main] DEBUG org.springframework.test.annotation.ProfileValueUtils - Retrieved ProfileValueSource type [class org.springframework.test.annotation.SystemProfileValueSource] for class [com.melodymoselle.ws.SpringWsApplicationTests]
10:42:27.488 [main] DEBUG org.springframework.test.context.support.AbstractDirtiesContextTestExecutionListener - Before test class: context [DefaultTestContext@3ffcd140 testClass = SpringWsApplicationTests, testInstance = [null], testMethod = [null], testException = [null], mergedContextConfiguration = [WebMergedContextConfiguration@23bb8443 testClass = SpringWsApplicationTests, locations = '{}', classes = '{class com.melodymoselle.ws.SpringWsApplication}', contextInitializerClasses = '[]', activeProfiles = '{}', propertySourceLocations = '{}', propertySourceProperties = '{org.springframework.boot.test.context.SpringBootTestContextBootstrapper=true}', contextCustomizers = set[org.springframework.boot.test.context.SpringBootTestContextCustomizer@1e127982, org.springframework.boot.test.context.filter.ExcludeFilterContextCustomizer@3c0f93f1, org.springframework.boot.test.json.DuplicateJsonObjectContextCustomizerFactory$DuplicateJsonObjectContextCustomizer@31610302, org.springframework.boot.test.mock.mockito.MockitoContextCustomizer@0, org.springframework.boot.test.autoconfigure.properties.PropertyMappingContextCustomizer@0, org.springframework.boot.test.autoconfigure.web.servlet.WebDriverContextCustomizerFactory$Customizer@5a8e6209], resourceBasePath = 'src/main/webapp', contextLoader = 'org.springframework.boot.test.context.SpringBootContextLoader', parent = [null]]], class annotated with @DirtiesContext [false] with mode [null].
10:42:27.489 [main] DEBUG org.springframework.test.annotation.ProfileValueUtils - Retrieved @ProfileValueSourceConfiguration [null] for test class [com.melodymoselle.ws.SpringWsApplicationTests]
10:42:27.489 [main] DEBUG org.springframework.test.annotation.ProfileValueUtils - Retrieved ProfileValueSource type [class org.springframework.test.annotation.SystemProfileValueSource] for class [com.melodymoselle.ws.SpringWsApplicationTests]
10:42:27.490 [main] DEBUG org.springframework.test.context.support.DependencyInjectionTestExecutionListener - Performing dependency injection for test context [[DefaultTestContext@3ffcd140 testClass = SpringWsApplicationTests, testInstance = com.melodymoselle.ws.SpringWsApplicationTests@21a947fe, testMethod = [null], testException = [null], mergedContextConfiguration = [WebMergedContextConfiguration@23bb8443 testClass = SpringWsApplicationTests, locations = '{}', classes = '{class com.melodymoselle.ws.SpringWsApplication}', contextInitializerClasses = '[]', activeProfiles = '{}', propertySourceLocations = '{}', propertySourceProperties = '{org.springframework.boot.test.context.SpringBootTestContextBootstrapper=true}', contextCustomizers = set[org.springframework.boot.test.context.SpringBootTestContextCustomizer@1e127982, org.springframework.boot.test.context.filter.ExcludeFilterContextCustomizer@3c0f93f1, org.springframework.boot.test.json.DuplicateJsonObjectContextCustomizerFactory$DuplicateJsonObjectContextCustomizer@31610302, org.springframework.boot.test.mock.mockito.MockitoContextCustomizer@0, org.springframework.boot.test.autoconfigure.properties.PropertyMappingContextCustomizer@0, org.springframework.boot.test.autoconfigure.web.servlet.WebDriverContextCustomizerFactory$Customizer@5a8e6209], resourceBasePath = 'src/main/webapp', contextLoader = 'org.springframework.boot.test.context.SpringBootContextLoader', parent = [null]]]].
10:42:27.873 [main] DEBUG org.springframework.core.env.StandardEnvironment - Adding [systemProperties] PropertySource with lowest search precedence
10:42:27.873 [main] DEBUG org.springframework.core.env.StandardEnvironment - Adding [systemEnvironment] PropertySource with lowest search precedence
10:42:27.874 [main] DEBUG org.springframework.core.env.StandardEnvironment - Initialized StandardEnvironment with PropertySources [systemProperties,systemEnvironment]
10:42:27.875 [main] DEBUG org.springframework.test.context.support.TestPropertySourceUtils - Adding inlined properties to environment: {spring.jmx.enabled=false, org.springframework.boot.test.context.SpringBootTestContextBootstrapper=true}
10:42:27.876 [main] DEBUG org.springframework.core.env.StandardEnvironment - Adding [Inlined Test Properties] PropertySource with highest search precedence

  .   ____          _            __ _ _
 /\\ / ___'_ __ _ _(_)_ __  __ _ \ \ \ \
( ( )\___ | '_ | '_| | '_ \/ _` | \ \ \ \
 \\/  ___)| |_)| | | | | || (_| |  ) ) ) )
  '  |____| .__|_| |_|_| |_\__, | / / / /
 =========|_|==============|___/=/_/_/_/
 :: Spring Boot ::        (v1.5.4.RELEASE)

2017-10-09 10:42:29.701  INFO 8440 --- [           main] c.m.ws.SpringWsApplicationTests          : Starting SpringWsApplicationTests on WS-MJWKATK with PID 8440 (started by 0140-SW-WF in C:\projects\other\spring_soap_tutorial)
2017-10-09 10:42:29.702  INFO 8440 --- [           main] c.m.ws.SpringWsApplicationTests          : No active profile set, falling back to default profiles: default
2017-10-09 10:42:29.929  INFO 8440 --- [           main] ationConfigEmbeddedWebApplicationContext : Refreshing org.springframework.boot.context.embedded.AnnotationConfigEmbeddedWebApplicationContext@548e6d58: startup date [Mon Oct 09 10:42:29 PDT 2017]; root of context hierarchy
2017-10-09 10:42:33.125  INFO 8440 --- [           main] trationDelegate$BeanPostProcessorChecker : Bean 'webServiceConfig' of type [com.melodymoselle.ws.endpoint.WebServiceConfig$$EnhancerBySpringCGLIB$$e339c221] is not eligible for getting processed by all BeanPostProcessors (for example: not eligible for auto-proxying)
2017-10-09 10:42:33.146  INFO 8440 --- [           main] trationDelegate$BeanPostProcessorChecker : Bean 'org.springframework.ws.config.annotation.DelegatingWsConfiguration' of type [org.springframework.ws.config.annotation.DelegatingWsConfiguration$$EnhancerBySpringCGLIB$$b7617db7] is not eligible for getting processed by all BeanPostProcessors (for example: not eligible for auto-proxying)
2017-10-09 10:42:33.299  INFO 8440 --- [           main] .w.s.a.s.AnnotationActionEndpointMapping : Supporting [WS-Addressing August 2004, WS-Addressing 1.0]
2017-10-09 10:42:34.572  INFO 8440 --- [           main] s.b.c.e.t.TomcatEmbeddedServletContainer : Tomcat initialized with port(s): 8080 (http)
2017-10-09 10:42:34.679  INFO 8440 --- [           main] o.apache.catalina.core.StandardService   : Starting service [Tomcat]
2017-10-09 10:42:34.711  INFO 8440 --- [           main] org.apache.catalina.core.StandardEngine  : Starting Servlet Engine: Apache Tomcat/8.5.15
2017-10-09 10:42:35.090  INFO 8440 --- [ost-startStop-1] o.a.c.c.C.[Tomcat].[localhost].[/]       : Initializing Spring embedded WebApplicationContext
2017-10-09 10:42:35.090  INFO 8440 --- [ost-startStop-1] o.s.web.context.ContextLoader            : Root WebApplicationContext: initialization completed in 5166 ms
2017-10-09 10:42:35.299  INFO 8440 --- [ost-startStop-1] o.s.b.w.servlet.ServletRegistrationBean  : Mapping servlet: 'messageDispatcherServlet' to [/melodymoselle/ws/*]
2017-10-09 10:42:35.300  INFO 8440 --- [ost-startStop-1] o.s.b.w.servlet.ServletRegistrationBean  : Mapping servlet: 'dispatcherServlet' to [/]
2017-10-09 10:42:35.302  INFO 8440 --- [ost-startStop-1] o.s.b.w.servlet.FilterRegistrationBean   : Mapping filter: 'characterEncodingFilter' to: [/*]
2017-10-09 10:42:35.303  INFO 8440 --- [ost-startStop-1] o.s.b.w.servlet.FilterRegistrationBean   : Mapping filter: 'hiddenHttpMethodFilter' to: [/*]
2017-10-09 10:42:35.303  INFO 8440 --- [ost-startStop-1] o.s.b.w.servlet.FilterRegistrationBean   : Mapping filter: 'httpPutFormContentFilter' to: [/*]
2017-10-09 10:42:35.303  INFO 8440 --- [ost-startStop-1] o.s.b.w.servlet.FilterRegistrationBean   : Mapping filter: 'requestContextFilter' to: [/*]
2017-10-09 10:42:35.695  INFO 8440 --- [           main] o.s.ws.soap.saaj.SaajSoapMessageFactory  : Creating SAAJ 1.3 MessageFactory with SOAP 1.1 Protocol
2017-10-09 10:42:35.768  INFO 8440 --- [           main] o.s.oxm.jaxb.Jaxb2Marshaller             : Creating JAXBContext with context path [com.melodymoselle.types.helloworld]
2017-10-09 10:42:36.370  INFO 8440 --- [           main] s.w.s.m.m.a.RequestMappingHandlerAdapter : Looking for @ControllerAdvice: org.springframework.boot.context.embedded.AnnotationConfigEmbeddedWebApplicationContext@548e6d58: startup date [Mon Oct 09 10:42:29 PDT 2017]; root of context hierarchy
2017-10-09 10:42:36.625  INFO 8440 --- [           main] s.w.s.m.m.a.RequestMappingHandlerMapping : Mapped "{[/error]}" onto public org.springframework.http.ResponseEntity<java.util.Map<java.lang.String, java.lang.Object>> org.springframework.boot.autoconfigure.web.BasicErrorController.error(javax.servlet.http.HttpServletRequest)
2017-10-09 10:42:36.626  INFO 8440 --- [           main] s.w.s.m.m.a.RequestMappingHandlerMapping : Mapped "{[/error],produces=[text/html]}" onto public org.springframework.web.servlet.ModelAndView org.springframework.boot.autoconfigure.web.BasicErrorController.errorHtml(javax.servlet.http.HttpServletRequest,javax.servlet.http.HttpServletResponse)
2017-10-09 10:42:36.654  INFO 8440 --- [           main] o.s.w.s.handler.SimpleUrlHandlerMapping  : Mapped URL path [/webjars/**] onto handler of type [class org.springframework.web.servlet.resource.ResourceHttpRequestHandler]
2017-10-09 10:42:36.654  INFO 8440 --- [           main] o.s.w.s.handler.SimpleUrlHandlerMapping  : Mapped URL path [/**] onto handler of type [class org.springframework.web.servlet.resource.ResourceHttpRequestHandler]
2017-10-09 10:42:36.721  INFO 8440 --- [           main] o.s.w.s.handler.SimpleUrlHandlerMapping  : Mapped URL path [/**/favicon.ico] onto handler of type [class org.springframework.web.servlet.resource.ResourceHttpRequestHandler]
2017-10-09 10:42:36.978  INFO 8440 --- [           main] s.b.c.e.t.TomcatEmbeddedServletContainer : Tomcat started on port(s): 8080 (http)
2017-10-09 10:42:37.016  INFO 8440 --- [           main] c.m.ws.SpringWsApplicationTests          : Started SpringWsApplicationTests in 9.113 seconds (JVM running for 11.427)
2017-10-09 10:42:37.117  INFO 8440 --- [           main] c.m.ws.client.HelloWorldClient           : Client sending person[firstName=John,lastName=Doe]
]]></system-out>
  </testcase>
</testsuite>